time="2019-04-04T13:49:29-06:00" level=info msg="Initialized database!" file="main.go:33"
time="2019-04-04T13:49:29-06:00" level=info msg="Listening on Port: 9101" file="main.go:47"
time="2019-04-04T13:49:29-06:00" level=debug msg="[Hub Run!]" file="hub.go:36"
time="2019-04-04T13:51:25-06:00" level=debug msg="client readPump: [0xc0001f8280]" file="client.go:65"
time="2019-04-04T13:51:25-06:00" level=debug msg="Hub register client: [0xc0001f8280]" file="hub.go:41"
time="2019-04-04T13:51:25-06:00" level=debug msg="client writePump: [0xc0001f8280]" file="client.go:97"
time="2019-04-04T13:51:32-06:00" level=debug msg="ws/API JSON Response: [{\"api\":\"test\",\"message\":{\"data\":\"asdfsaf\"}}]" file="api.go:62"
time="2019-04-04T13:52:31-06:00" level=info msg="Initialized database!" file="main.go:33"
time="2019-04-04T13:52:31-06:00" level=debug msg="[Hub Run!]" file="hub.go:36"
time="2019-04-04T13:52:31-06:00" level=info msg="Listening on Port: 9101" file="main.go:47"
time="2019-04-04T13:52:40-06:00" level=debug msg="client readPump: [0xc04201a940]" file="client.go:65"
time="2019-04-04T13:52:40-06:00" level=debug msg="Hub register client: [0xc04201a940]" file="hub.go:41"
time="2019-04-04T13:52:40-06:00" level=debug msg="client writePump: [0xc04201a940]" file="client.go:97"
time="2019-04-04T13:52:46-06:00" level=debug msg="ws/API JSON Response: [{\"api\":\"test\",\"message\":{\"data\":\"safsadfsadfsdfa\"}}]" file="api.go:62"
time="2019-04-04T19:13:22-06:00" level=info msg="Initialized database!" file="main.go:33"
time="2019-04-04T19:13:22-06:00" level=fatal msg="failed to migrate: near \")\": syntax error" file="dbconnect.go:29"
time="2019-04-04T19:47:45-06:00" level=info msg="Initialized database!" file="main.go:33"
time="2019-04-04T19:47:45-06:00" level=info msg="Listening on Port: 9101" file="main.go:47"
time="2019-04-04T19:47:45-06:00" level=debug msg="[Hub Run!]" file="hub.go:36"
time="2019-04-04T19:47:56-06:00" level=debug msg="Hub register client: [0xc0001f82c0]" file="hub.go:41"
time="2019-04-04T19:47:56-06:00" level=debug msg="client readPump: [0xc0001f82c0]" file="client.go:65"
time="2019-04-04T19:47:56-06:00" level=debug msg="client writePump: [0xc0001f82c0]" file="client.go:97"
time="2019-04-04T19:47:59-06:00" level=debug msg="ws/API JSON Response: [{\"api\":\"test\",\"message\":{\"data\":\"thth\"}}]" file="api.go:62"
time="2019-04-04T21:31:16-06:00" level=info msg="Initialized database!" file="main.go:33"
time="2019-04-04T21:31:16-06:00" level=info msg="Listening on Port: 9101" file="main.go:47"
time="2019-04-04T21:31:16-06:00" level=debug msg="[Hub Run!]" file="hub.go:36"
time="2019-04-04T21:31:24-06:00" level=debug msg="Hub register client: [0xc00021b1c0]" file="hub.go:41"
time="2019-04-04T21:31:24-06:00" level=debug msg="client readPump: [0xc00021b1c0]" file="client.go:65"
time="2019-04-04T21:31:24-06:00" level=debug msg="client writePump: [0xc00021b1c0]" file="client.go:97"
time="2019-04-04T21:36:49-06:00" level=debug msg="Test Page! [Test Data!]" file="test.go:21"
time="2019-04-04T21:36:49-06:00" level=debug msg="Hub unregister client: [0xc00021b1c0]" file="hub.go:48"
time="2019-04-04T21:36:57-06:00" level=error msg="rest/API JSON unmarshal error: unexpected end of JSON input" file="api.go:54"
time="2019-04-04T21:39:07-06:00" level=info msg="Initialized database!" file="main.go:33"
time="2019-04-04T21:39:07-06:00" level=info msg="Listening on Port: 9101" file="main.go:47"
time="2019-04-04T21:39:07-06:00" level=debug msg="[Hub Run!]" file="hub.go:36"
time="2019-04-04T21:39:10-06:00" level=error msg="rest/API JSON unmarshal error: unexpected end of JSON input" file="api.go:54"
time="2019-04-04T21:42:02-06:00" level=debug msg="client readPump: [0xc000198ac0]" file="client.go:65"
time="2019-04-04T21:42:02-06:00" level=debug msg="client writePump: [0xc000198ac0]" file="client.go:97"
time="2019-04-04T21:42:02-06:00" level=debug msg="Hub register client: [0xc000198ac0]" file="hub.go:41"
time="2019-04-04T21:42:11-06:00" level=debug msg="ws/API JSON Response: [{\"api\":\"test\",\"message\":{\"data\":\"sdf\"}}]" file="api.go:62"
time="2019-04-04T22:50:57-06:00" level=debug msg="Hub unregister client: [0xc000198ac0]" file="hub.go:48"
